# JRE version: OpenJDK Runtime Environment (8.0_333-b02) (build 1.8.0_333-b02)
# Java VM: OpenJDK 64-Bit Server VM (25.333-b02 mixed mode windows-amd64 compressed oops)
Heap:
 PSYoungGen      total 294912K, used 173548K [0x00000000e0000000, 0x00000000f5f80000, 0x0000000100000000)
  eden space 268288K, 62% used [0x00000000e0000000,0x00000000ea41d1e8,0x00000000f0600000)
  from space 26624K, 20% used [0x00000000f0600000,0x00000000f0b5e0b8,0x00000000f2000000)
  to   space 26624K, 0% used [0x00000000f4580000,0x00000000f4580000,0x00000000f5f80000)
 ParOldGen       total 198656K, used 58464K [0x00000000a0000000, 0x00000000ac200000, 0x00000000e0000000)
  object space 198656K, 29% used [0x00000000a0000000,0x00000000a3918130,0x00000000ac200000)
 Metaspace       used 102089K, capacity 106667K, committed 106880K, reserved 1142784K
  class space    used 13471K, capacity 14368K, committed 14464K, reserved 1048576K
GC Heap History (10 events):
Event: 231.509 GC heap before
{Heap before GC invocations=15 (full 3):
 PSYoungGen      total 223232K, used 220196K [0x00000000e0000000, 0x00000000f1880000, 0x0000000100000000)
  eden space 201728K, 100% used [0x00000000e0000000,0x00000000ec500000,0x00000000ec500000)
  from space 21504K, 85% used [0x00000000ec500000,0x00000000ed709058,0x00000000eda00000)
  to   space 23552K, 0% used [0x00000000f0180000,0x00000000f0180000,0x00000000f1880000)
 ParOldGen       total 133120K, used 37478K [0x00000000a0000000, 0x00000000a8200000, 0x00000000e0000000)
  object space 133120K, 28% used [0x00000000a0000000,0x00000000a2499a00,0x00000000a8200000)
 Metaspace       used 81442K, capacity 85229K, committed 85376K, reserved 1122304K
  class space    used 10999K, capacity 11800K, committed 11904K, reserved 1048576K
Event: 232.320 GC heap after
Heap after GC invocations=15 (full 3):
 PSYoungGen      total 258560K, used 23549K [0x00000000e0000000, 0x00000000f1c80000, 0x0000000100000000)
  eden space 235008K, 0% used [0x00000000e0000000,0x00000000e0000000,0x00000000ee580000)
  from space 23552K, 99% used [0x00000000f0180000,0x00000000f187f4b0,0x00000000f1880000)
  to   space 28160K, 0% used [0x00000000ee580000,0x00000000ee580000,0x00000000f0100000)
 ParOldGen       total 133120K, used 39897K [0x00000000a0000000, 0x00000000a8200000, 0x00000000e0000000)
  object space 133120K, 29% used [0x00000000a0000000,0x00000000a26f6668,0x00000000a8200000)
 Metaspace       used 81442K, capacity 85229K, committed 85376K, reserved 1122304K
  class space    used 10999K, capacity 11800K, committed 11904K, reserved 1048576K
}
Event: 277.316 GC heap before
{Heap before GC invocations=16 (full 3):
 PSYoungGen      total 258560K, used 258557K [0x00000000e0000000, 0x00000000f1c80000, 0x0000000100000000)
  eden space 235008K, 100% used [0x00000000e0000000,0x00000000ee580000,0x00000000ee580000)
  from space 23552K, 99% used [0x00000000f0180000,0x00000000f187f4b0,0x00000000f1880000)
  to   space 28160K, 0% used [0x00000000ee580000,0x00000000ee580000,0x00000000f0100000)
 ParOldGen       total 133120K, used 39897K [0x00000000a0000000, 0x00000000a8200000, 0x00000000e0000000)
  object space 133120K, 29% used [0x00000000a0000000,0x00000000a26f6668,0x00000000a8200000)
 Metaspace       used 90327K, capacity 94599K, committed 94720K, reserved 1130496K
  class space    used 12102K, capacity 12979K, committed 13056K, reserved 1048576K
Event: 277.631 GC heap after
Heap after GC invocations=16 (full 3):
 PSYoungGen      total 263168K, used 10786K [0x00000000e0000000, 0x00000000f3b80000, 0x0000000100000000)
  eden space 235008K, 0% used [0x00000000e0000000,0x00000000e0000000,0x00000000ee580000)
  from space 28160K, 38% used [0x00000000ee580000,0x00000000ef008b28,0x00000000f0100000)
  to   space 26624K, 0% used [0x00000000f2180000,0x00000000f2180000,0x00000000f3b80000)
 ParOldGen       total 133120K, used 59709K [0x00000000a0000000, 0x00000000a8200000, 0x00000000e0000000)
  object space 133120K, 44% used [0x00000000a0000000,0x00000000a3a4f430,0x00000000a8200000)
 Metaspace       used 90327K, capacity 94599K, committed 94720K, reserved 1130496K
  class space    used 12102K, capacity 12979K, committed 13056K, reserved 1048576K
}
Event: 292.364 GC heap before
{Heap before GC invocations=17 (full 3):
 PSYoungGen      total 263168K, used 130754K [0x00000000e0000000, 0x00000000f3b80000, 0x0000000100000000)
  eden space 235008K, 51% used [0x00000000e0000000,0x00000000e7527f48,0x00000000ee580000)
  from space 28160K, 38% used [0x00000000ee580000,0x00000000ef008b28,0x00000000f0100000)
  to   space 26624K, 0% used [0x00000000f2180000,0x00000000f2180000,0x00000000f3b80000)
 ParOldGen       total 133120K, used 59709K [0x00000000a0000000, 0x00000000a8200000, 0x00000000e0000000)
  object space 133120K, 44% used [0x00000000a0000000,0x00000000a3a4f430,0x00000000a8200000)
 Metaspace       used 94082K, capacity 98455K, committed 98560K, reserved 1134592K
  class space    used 12586K, capacity 13467K, committed 13568K, reserved 1048576K
Event: 292.494 GC heap after
Heap after GC invocations=17 (full 3):
 PSYoungGen      total 293376K, used 16019K [0x00000000e0000000, 0x00000000f3a00000, 0x0000000100000000)
  eden space 268288K, 0% used [0x00000000e0000000,0x00000000e0000000,0x00000000f0600000)
  from space 25088K, 63% used [0x00000000f2180000,0x00000000f3124e18,0x00000000f3a00000)
  to   space 26624K, 0% used [0x00000000f0600000,0x00000000f0600000,0x00000000f2000000)
 ParOldGen       total 133120K, used 59717K [0x00000000a0000000, 0x00000000a8200000, 0x00000000e0000000)
  object space 133120K, 44% used [0x00000000a0000000,0x00000000a3a51430,0x00000000a8200000)
 Metaspace       used 94082K, capacity 98455K, committed 98560K, reserved 1134592K
  class space    used 12586K, capacity 13467K, committed 13568K, reserved 1048576K
}
Event: 292.494 GC heap before
{Heap before GC invocations=18 (full 4):
 PSYoungGen      total 293376K, used 16019K [0x00000000e0000000, 0x00000000f3a00000, 0x0000000100000000)
  eden space 268288K, 0% used [0x00000000e0000000,0x00000000e0000000,0x00000000f0600000)
  from space 25088K, 63% used [0x00000000f2180000,0x00000000f3124e18,0x00000000f3a00000)
  to   space 26624K, 0% used [0x00000000f0600000,0x00000000f0600000,0x00000000f2000000)
 ParOldGen       total 133120K, used 59717K [0x00000000a0000000, 0x00000000a8200000, 0x00000000e0000000)
  object space 133120K, 44% used [0x00000000a0000000,0x00000000a3a51430,0x00000000a8200000)
 Metaspace       used 94082K, capacity 98455K, committed 98560K, reserved 1134592K
  class space    used 12586K, capacity 13467K, committed 13568K, reserved 1048576K
Event: 293.156 GC heap after
Heap after GC invocations=18 (full 4):
 PSYoungGen      total 293376K, used 0K [0x00000000e0000000, 0x00000000f3a00000, 0x0000000100000000)
  eden space 268288K, 0% used [0x00000000e0000000,0x00000000e0000000,0x00000000f0600000)
  from space 25088K, 0% used [0x00000000f2180000,0x00000000f2180000,0x00000000f3a00000)
  to   space 26624K, 0% used [0x00000000f0600000,0x00000000f0600000,0x00000000f2000000)
 ParOldGen       total 198656K, used 58456K [0x00000000a0000000, 0x00000000ac200000, 0x00000000e0000000)
  object space 198656K, 29% used [0x00000000a0000000,0x00000000a3916130,0x00000000ac200000)
 Metaspace       used 94082K, capacity 98455K, committed 98560K, reserved 1134592K
  class space    used 12586K, capacity 13467K, committed 13568K, reserved 1048576K
}
Event: 318.109 GC heap before
{Heap before GC invocations=19 (full 4):
 PSYoungGen      total 293376K, used 268288K [0x00000000e0000000, 0x00000000f3a00000, 0x0000000100000000)
  eden space 268288K, 100% used [0x00000000e0000000,0x00000000f0600000,0x00000000f0600000)
  from space 25088K, 0% used [0x00000000f2180000,0x00000000f2180000,0x00000000f3a00000)
  to   space 26624K, 0% used [0x00000000f0600000,0x00000000f0600000,0x00000000f2000000)
 ParOldGen       total 198656K, used 58456K [0x00000000a0000000, 0x00000000ac200000, 0x00000000e0000000)
  object space 198656K, 29% used [0x00000000a0000000,0x00000000a3916130,0x00000000ac200000)
 Metaspace       used 95871K, capacity 100385K, committed 100480K, reserved 1136640K
  class space    used 12761K, capacity 13672K, committed 13696K, reserved 1048576K
Event: 318.144 GC heap after
Heap after GC invocations=19 (full 4):
 PSYoungGen      total 294912K, used 5496K [0x00000000e0000000, 0x00000000f5f80000, 0x0000000100000000)
  eden space 268288K, 0% used [0x00000000e0000000,0x00000000e0000000,0x00000000f0600000)
  from space 26624K, 20% used [0x00000000f0600000,0x00000000f0b5e0b8,0x00000000f2000000)
  to   space 26624K, 0% used [0x00000000f4580000,0x00000000f4580000,0x00000000f5f80000)
 ParOldGen       total 198656K, used 58464K [0x00000000a0000000, 0x00000000ac200000, 0x00000000e0000000)
  object space 198656K, 29% used [0x00000000a0000000,0x00000000a3918130,0x00000000ac200000)
 Metaspace       used 95871K, capacity 100385K, committed 100480K, reserved 1136640K
  class space    used 12761K, capacity 13672K, committed 13696K, reserved 1048576K
}

