# JRE version: OpenJDK Runtime Environment (8.0_333-b02) (build 1.8.0_333-b02)
# Java VM: OpenJDK 64-Bit Server VM (25.333-b02 mixed mode windows-amd64 compressed oops)
Heap:
 PSYoungGen      total 244736K, used 195883K [0x00000000e0000000, 0x00000000f0d00000, 0x0000000100000000)
  eden space 221696K, 82% used [0x00000000e0000000,0x00000000eb3a77f8,0x00000000ed880000)
  from space 23040K, 51% used [0x00000000ef280000,0x00000000efe23408,0x00000000f0900000)
  to   space 26624K, 0% used [0x00000000ed880000,0x00000000ed880000,0x00000000ef280000)
 ParOldGen       total 139776K, used 52310K [0x00000000a0000000, 0x00000000a8880000, 0x00000000e0000000)
  object space 139776K, 37% used [0x00000000a0000000,0x00000000a3315b08,0x00000000a8880000)
 Metaspace       used 83961K, capacity 88328K, committed 88576K, reserved 1126400K
  class space    used 11535K, capacity 12280K, committed 12288K, reserved 1048576K
GC Heap History (10 events):
Event: 26.450 GC heap before
{Heap before GC invocations=13 (full 3):
 PSYoungGen      total 209408K, used 15356K [0x00000000e0000000, 0x00000000eeb00000, 0x0000000100000000)
  eden space 194048K, 0% used [0x00000000e0000000,0x00000000e0000000,0x00000000ebd80000)
  from space 15360K, 99% used [0x00000000ed200000,0x00000000ee0ff320,0x00000000ee100000)
  to   space 20992K, 0% used [0x00000000ebd80000,0x00000000ebd80000,0x00000000ed200000)
 ParOldGen       total 87040K, used 24657K [0x00000000a0000000, 0x00000000a5500000, 0x00000000e0000000)
  object space 87040K, 28% used [0x00000000a0000000,0x00000000a18147f0,0x00000000a5500000)
 Metaspace       used 56889K, capacity 59070K, committed 59160K, reserved 1099776K
  class space    used 7917K, capacity 8378K, committed 8448K, reserved 1048576K
Event: 26.960 GC heap after
Heap after GC invocations=13 (full 3):
 PSYoungGen      total 209408K, used 0K [0x00000000e0000000, 0x00000000eeb00000, 0x0000000100000000)
  eden space 194048K, 0% used [0x00000000e0000000,0x00000000e0000000,0x00000000ebd80000)
  from space 15360K, 0% used [0x00000000ed200000,0x00000000ed200000,0x00000000ee100000)
  to   space 20992K, 0% used [0x00000000ebd80000,0x00000000ebd80000,0x00000000ed200000)
 ParOldGen       total 139776K, used 36369K [0x00000000a0000000, 0x00000000a8880000, 0x00000000e0000000)
  object space 139776K, 26% used [0x00000000a0000000,0x00000000a2384620,0x00000000a8880000)
 Metaspace       used 56885K, capacity 59058K, committed 59160K, reserved 1099776K
  class space    used 7915K, capacity 8376K, committed 8448K, reserved 1048576K
}
Event: 39.125 GC heap before
{Heap before GC invocations=14 (full 3):
 PSYoungGen      total 209408K, used 194048K [0x00000000e0000000, 0x00000000eeb00000, 0x0000000100000000)
  eden space 194048K, 100% used [0x00000000e0000000,0x00000000ebd80000,0x00000000ebd80000)
  from space 15360K, 0% used [0x00000000ed200000,0x00000000ed200000,0x00000000ee100000)
  to   space 20992K, 0% used [0x00000000ebd80000,0x00000000ebd80000,0x00000000ed200000)
 ParOldGen       total 139776K, used 36369K [0x00000000a0000000, 0x00000000a8880000, 0x00000000e0000000)
  object space 139776K, 26% used [0x00000000a0000000,0x00000000a2384620,0x00000000a8880000)
 Metaspace       used 68305K, capacity 71336K, committed 71552K, reserved 1110016K
  class space    used 9545K, capacity 10110K, committed 10112K, reserved 1048576K
Event: 39.249 GC heap after
Heap after GC invocations=14 (full 3):
 PSYoungGen      total 215040K, used 17800K [0x00000000e0000000, 0x00000000f0900000, 0x0000000100000000)
  eden space 194048K, 0% used [0x00000000e0000000,0x00000000e0000000,0x00000000ebd80000)
  from space 20992K, 84% used [0x00000000ebd80000,0x00000000ecee2338,0x00000000ed200000)
  to   space 23040K, 0% used [0x00000000ef280000,0x00000000ef280000,0x00000000f0900000)
 ParOldGen       total 139776K, used 36377K [0x00000000a0000000, 0x00000000a8880000, 0x00000000e0000000)
  object space 139776K, 26% used [0x00000000a0000000,0x00000000a2386620,0x00000000a8880000)
 Metaspace       used 68305K, capacity 71336K, committed 71552K, reserved 1110016K
  class space    used 9545K, capacity 10110K, committed 10112K, reserved 1048576K
}
Event: 61.580 GC heap before
{Heap before GC invocations=15 (full 3):
 PSYoungGen      total 215040K, used 211848K [0x00000000e0000000, 0x00000000f0900000, 0x0000000100000000)
  eden space 194048K, 100% used [0x00000000e0000000,0x00000000ebd80000,0x00000000ebd80000)
  from space 20992K, 84% used [0x00000000ebd80000,0x00000000ecee2338,0x00000000ed200000)
  to   space 23040K, 0% used [0x00000000ef280000,0x00000000ef280000,0x00000000f0900000)
 ParOldGen       total 139776K, used 36377K [0x00000000a0000000, 0x00000000a8880000, 0x00000000e0000000)
  object space 139776K, 26% used [0x00000000a0000000,0x00000000a2386620,0x00000000a8880000)
 Metaspace       used 73357K, capacity 76676K, committed 76800K, reserved 1116160K
  class space    used 10093K, capacity 10674K, committed 10752K, reserved 1048576K
Event: 61.753 GC heap after
Heap after GC invocations=15 (full 3):
 PSYoungGen      total 244736K, used 23037K [0x00000000e0000000, 0x00000000f0d00000, 0x0000000100000000)
  eden space 221696K, 0% used [0x00000000e0000000,0x00000000e0000000,0x00000000ed880000)
  from space 23040K, 99% used [0x00000000ef280000,0x00000000f08ff598,0x00000000f0900000)
  to   space 26624K, 0% used [0x00000000ed880000,0x00000000ed880000,0x00000000ef280000)
 ParOldGen       total 139776K, used 37051K [0x00000000a0000000, 0x00000000a8880000, 0x00000000e0000000)
  object space 139776K, 26% used [0x00000000a0000000,0x00000000a242ec88,0x00000000a8880000)
 Metaspace       used 73357K, capacity 76676K, committed 76800K, reserved 1116160K
  class space    used 10093K, capacity 10674K, committed 10752K, reserved 1048576K
}
Event: 75.481 GC heap before
{Heap before GC invocations=16 (full 3):
 PSYoungGen      total 244736K, used 244733K [0x00000000e0000000, 0x00000000f0d00000, 0x0000000100000000)
  eden space 221696K, 100% used [0x00000000e0000000,0x00000000ed880000,0x00000000ed880000)
  from space 23040K, 99% used [0x00000000ef280000,0x00000000f08ff598,0x00000000f0900000)
  to   space 26624K, 0% used [0x00000000ed880000,0x00000000ed880000,0x00000000ef280000)
 ParOldGen       total 139776K, used 37051K [0x00000000a0000000, 0x00000000a8880000, 0x00000000e0000000)
  object space 139776K, 26% used [0x00000000a0000000,0x00000000a242ec88,0x00000000a8880000)
 Metaspace       used 83525K, capacity 87772K, committed 88064K, reserved 1124352K
  class space    used 11492K, capacity 12228K, committed 12288K, reserved 1048576K
Event: 75.723 GC heap after
Heap after GC invocations=16 (full 3):
 PSYoungGen      total 248320K, used 17149K [0x00000000e0000000, 0x00000000f0d00000, 0x0000000100000000)
  eden space 221696K, 0% used [0x00000000e0000000,0x00000000e0000000,0x00000000ed880000)
  from space 26624K, 64% used [0x00000000ed880000,0x00000000ee93f518,0x00000000ef280000)
  to   space 23040K, 0% used [0x00000000ef280000,0x00000000ef280000,0x00000000f0900000)
 ParOldGen       total 139776K, used 52302K [0x00000000a0000000, 0x00000000a8880000, 0x00000000e0000000)
  object space 139776K, 37% used [0x00000000a0000000,0x00000000a3313b08,0x00000000a8880000)
 Metaspace       used 83525K, capacity 87772K, committed 88064K, reserved 1124352K
  class space    used 11492K, capacity 12228K, committed 12288K, reserved 1048576K
}
Event: 83.732 GC heap before
{Heap before GC invocations=17 (full 3):
 PSYoungGen      total 248320K, used 238845K [0x00000000e0000000, 0x00000000f0d00000, 0x0000000100000000)
  eden space 221696K, 100% used [0x00000000e0000000,0x00000000ed880000,0x00000000ed880000)
  from space 26624K, 64% used [0x00000000ed880000,0x00000000ee93f518,0x00000000ef280000)
  to   space 23040K, 0% used [0x00000000ef280000,0x00000000ef280000,0x00000000f0900000)
 ParOldGen       total 139776K, used 52302K [0x00000000a0000000, 0x00000000a8880000, 0x00000000e0000000)
  object space 139776K, 37% used [0x00000000a0000000,0x00000000a3313b08,0x00000000a8880000)
 Metaspace       used 83846K, capacity 88158K, committed 88320K, reserved 1126400K
  class space    used 11520K, capacity 12275K, committed 12288K, reserved 1048576K
Event: 83.777 GC heap after
Heap after GC invocations=17 (full 3):
 PSYoungGen      total 244736K, used 11917K [0x00000000e0000000, 0x00000000f0d00000, 0x0000000100000000)
  eden space 221696K, 0% used [0x00000000e0000000,0x00000000e0000000,0x00000000ed880000)
  from space 23040K, 51% used [0x00000000ef280000,0x00000000efe23408,0x00000000f0900000)
  to   space 26624K, 0% used [0x00000000ed880000,0x00000000ed880000,0x00000000ef280000)
 ParOldGen       total 139776K, used 52310K [0x00000000a0000000, 0x00000000a8880000, 0x00000000e0000000)
  object space 139776K, 37% used [0x00000000a0000000,0x00000000a3315b08,0x00000000a8880000)
 Metaspace       used 83846K, capacity 88158K, committed 88320K, reserved 1126400K
  class space    used 11520K, capacity 12275K, committed 12288K, reserved 1048576K
}

