# JRE version: OpenJDK Runtime Environment (8.0_333-b02) (build 1.8.0_333-b02)
# Java VM: OpenJDK 64-Bit Server VM (25.333-b02 mixed mode windows-amd64 compressed oops)
Heap:
 PSYoungGen      total 243200K, used 109017K [0x00000000e0000000, 0x00000000f4280000, 0x0000000100000000)
  eden space 222208K, 39% used [0x00000000e0000000,0x00000000e55f9290,0x00000000ed900000)
  from space 20992K, 99% used [0x00000000ed900000,0x00000000eed7d4b0,0x00000000eed80000)
  to   space 25600K, 0% used [0x00000000f2980000,0x00000000f2980000,0x00000000f4280000)
 ParOldGen       total 118272K, used 40253K [0x00000000a0000000, 0x00000000a7380000, 0x00000000e0000000)
  object space 118272K, 34% used [0x00000000a0000000,0x00000000a274f798,0x00000000a7380000)
 Metaspace       used 70901K, capacity 73956K, committed 74112K, reserved 1114112K
  class space    used 9736K, capacity 10322K, committed 10368K, reserved 1048576K
GC Heap History (10 events):
Event: 46.079 GC heap before
{Heap before GC invocations=10 (full 2):
 PSYoungGen      total 178176K, used 8663K [0x00000000e0000000, 0x00000000ec000000, 0x0000000100000000)
  eden space 169472K, 0% used [0x00000000e0000000,0x00000000e0000000,0x00000000ea580000)
  from space 8704K, 99% used [0x00000000eb780000,0x00000000ebff5e18,0x00000000ec000000)
  to   space 13312K, 0% used [0x00000000ea600000,0x00000000ea600000,0x00000000eb300000)
 ParOldGen       total 56320K, used 14541K [0x00000000a0000000, 0x00000000a3700000, 0x00000000e0000000)
  object space 56320K, 25% used [0x00000000a0000000,0x00000000a0e33548,0x00000000a3700000)
 Metaspace       used 34314K, capacity 35444K, committed 35496K, reserved 1079296K
  class space    used 4827K, capacity 5097K, committed 5120K, reserved 1048576K
Event: 46.315 GC heap after
Heap after GC invocations=10 (full 2):
 PSYoungGen      total 178176K, used 0K [0x00000000e0000000, 0x00000000ec000000, 0x0000000100000000)
  eden space 169472K, 0% used [0x00000000e0000000,0x00000000e0000000,0x00000000ea580000)
  from space 8704K, 0% used [0x00000000eb780000,0x00000000eb780000,0x00000000ec000000)
  to   space 13312K, 0% used [0x00000000ea600000,0x00000000ea600000,0x00000000eb300000)
 ParOldGen       total 75264K, used 15079K [0x00000000a0000000, 0x00000000a4980000, 0x00000000e0000000)
  object space 75264K, 20% used [0x00000000a0000000,0x00000000a0eb9ee0,0x00000000a4980000)
 Metaspace       used 34314K, capacity 35444K, committed 35496K, reserved 1079296K
  class space    used 4827K, capacity 5097K, committed 5120K, reserved 1048576K
}
Event: 53.034 GC heap before
{Heap before GC invocations=11 (full 2):
 PSYoungGen      total 178176K, used 169472K [0x00000000e0000000, 0x00000000ec000000, 0x0000000100000000)
  eden space 169472K, 100% used [0x00000000e0000000,0x00000000ea580000,0x00000000ea580000)
  from space 8704K, 0% used [0x00000000eb780000,0x00000000eb780000,0x00000000ec000000)
  to   space 13312K, 0% used [0x00000000ea600000,0x00000000ea600000,0x00000000eb300000)
 ParOldGen       total 75264K, used 15079K [0x00000000a0000000, 0x00000000a4980000, 0x00000000e0000000)
  object space 75264K, 20% used [0x00000000a0000000,0x00000000a0eb9ee0,0x00000000a4980000)
 Metaspace       used 45401K, capacity 47194K, committed 47360K, reserved 1089536K
  class space    used 6259K, capacity 6626K, committed 6656K, reserved 1048576K
Event: 53.119 GC heap after
Heap after GC invocations=11 (full 2):
 PSYoungGen      total 183296K, used 13311K [0x00000000e0000000, 0x00000000efd00000, 0x0000000100000000)
  eden space 169984K, 0% used [0x00000000e0000000,0x00000000e0000000,0x00000000ea600000)
  from space 13312K, 99% used [0x00000000ea600000,0x00000000eb2ffd78,0x00000000eb300000)
  to   space 15872K, 0% used [0x00000000eed80000,0x00000000eed80000,0x00000000efd00000)
 ParOldGen       total 75264K, used 16662K [0x00000000a0000000, 0x00000000a4980000, 0x00000000e0000000)
  object space 75264K, 22% used [0x00000000a0000000,0x00000000a10459e8,0x00000000a4980000)
 Metaspace       used 45401K, capacity 47194K, committed 47360K, reserved 1089536K
  class space    used 6259K, capacity 6626K, committed 6656K, reserved 1048576K
}
Event: 60.095 GC heap before
{Heap before GC invocations=12 (full 2):
 PSYoungGen      total 183296K, used 152010K [0x00000000e0000000, 0x00000000efd00000, 0x0000000100000000)
  eden space 169984K, 81% used [0x00000000e0000000,0x00000000e8772c40,0x00000000ea600000)
  from space 13312K, 99% used [0x00000000ea600000,0x00000000eb2ffd78,0x00000000eb300000)
  to   space 15872K, 0% used [0x00000000eed80000,0x00000000eed80000,0x00000000efd00000)
 ParOldGen       total 75264K, used 16662K [0x00000000a0000000, 0x00000000a4980000, 0x00000000e0000000)
  object space 75264K, 22% used [0x00000000a0000000,0x00000000a10459e8,0x00000000a4980000)
 Metaspace       used 56716K, capacity 59020K, committed 59136K, reserved 1099776K
  class space    used 7880K, capacity 8373K, committed 8448K, reserved 1048576K
Event: 60.211 GC heap after
Heap after GC invocations=12 (full 2):
 PSYoungGen      total 238080K, used 15868K [0x00000000e0000000, 0x00000000f0b00000, 0x0000000100000000)
  eden space 222208K, 0% used [0x00000000e0000000,0x00000000e0000000,0x00000000ed900000)
  from space 15872K, 99% used [0x00000000eed80000,0x00000000efcff320,0x00000000efd00000)
  to   space 20992K, 0% used [0x00000000ed900000,0x00000000ed900000,0x00000000eed80000)
 ParOldGen       total 75264K, used 24640K [0x00000000a0000000, 0x00000000a4980000, 0x00000000e0000000)
  object space 75264K, 32% used [0x00000000a0000000,0x00000000a1810190,0x00000000a4980000)
 Metaspace       used 56716K, capacity 59020K, committed 59136K, reserved 1099776K
  class space    used 7880K, capacity 8373K, committed 8448K, reserved 1048576K
}
Event: 60.211 GC heap before
{Heap before GC invocations=13 (full 3):
 PSYoungGen      total 238080K, used 15868K [0x00000000e0000000, 0x00000000f0b00000, 0x0000000100000000)
  eden space 222208K, 0% used [0x00000000e0000000,0x00000000e0000000,0x00000000ed900000)
  from space 15872K, 99% used [0x00000000eed80000,0x00000000efcff320,0x00000000efd00000)
  to   space 20992K, 0% used [0x00000000ed900000,0x00000000ed900000,0x00000000eed80000)
 ParOldGen       total 75264K, used 24640K [0x00000000a0000000, 0x00000000a4980000, 0x00000000e0000000)
  object space 75264K, 32% used [0x00000000a0000000,0x00000000a1810190,0x00000000a4980000)
 Metaspace       used 56716K, capacity 59020K, committed 59136K, reserved 1099776K
  class space    used 7880K, capacity 8373K, committed 8448K, reserved 1048576K
Event: 60.710 GC heap after
Heap after GC invocations=13 (full 3):
 PSYoungGen      total 238080K, used 0K [0x00000000e0000000, 0x00000000f0b00000, 0x0000000100000000)
  eden space 222208K, 0% used [0x00000000e0000000,0x00000000e0000000,0x00000000ed900000)
  from space 15872K, 0% used [0x00000000eed80000,0x00000000eed80000,0x00000000efd00000)
  to   space 20992K, 0% used [0x00000000ed900000,0x00000000ed900000,0x00000000eed80000)
 ParOldGen       total 118272K, used 35709K [0x00000000a0000000, 0x00000000a7380000, 0x00000000e0000000)
  object space 118272K, 30% used [0x00000000a0000000,0x00000000a22df4a8,0x00000000a7380000)
 Metaspace       used 56711K, capacity 59002K, committed 59136K, reserved 1099776K
  class space    used 7878K, capacity 8370K, committed 8448K, reserved 1048576K
}
Event: 73.488 GC heap before
{Heap before GC invocations=14 (full 3):
 PSYoungGen      total 238080K, used 222208K [0x00000000e0000000, 0x00000000f0b00000, 0x0000000100000000)
  eden space 222208K, 100% used [0x00000000e0000000,0x00000000ed900000,0x00000000ed900000)
  from space 15872K, 0% used [0x00000000eed80000,0x00000000eed80000,0x00000000efd00000)
  to   space 20992K, 0% used [0x00000000ed900000,0x00000000ed900000,0x00000000eed80000)
 ParOldGen       total 118272K, used 35709K [0x00000000a0000000, 0x00000000a7380000, 0x00000000e0000000)
  object space 118272K, 30% used [0x00000000a0000000,0x00000000a22df4a8,0x00000000a7380000)
 Metaspace       used 68765K, capacity 71786K, committed 71936K, reserved 1112064K
  class space    used 9569K, capacity 10117K, committed 10240K, reserved 1048576K
Event: 73.674 GC heap after
Heap after GC invocations=14 (full 3):
 PSYoungGen      total 243200K, used 20981K [0x00000000e0000000, 0x00000000f4280000, 0x0000000100000000)
  eden space 222208K, 0% used [0x00000000e0000000,0x00000000e0000000,0x00000000ed900000)
  from space 20992K, 99% used [0x00000000ed900000,0x00000000eed7d4b0,0x00000000eed80000)
  to   space 25600K, 0% used [0x00000000f2980000,0x00000000f2980000,0x00000000f4280000)
 ParOldGen       total 118272K, used 40253K [0x00000000a0000000, 0x00000000a7380000, 0x00000000e0000000)
  object space 118272K, 34% used [0x00000000a0000000,0x00000000a274f798,0x00000000a7380000)
 Metaspace       used 68765K, capacity 71786K, committed 71936K, reserved 1112064K
  class space    used 9569K, capacity 10117K, committed 10240K, reserved 1048576K
}

